<?xml version="1.0" encoding="UTF-8"?>
<TenstreetResponse><Version>1.1</Version><SourceIpAddress>82.77.147.209</SourceIpAddress><CompanyPostedToId>15</CompanyPostedToId><DateTime>2022-11-02 05:48:58</DateTime><Mode>TEST</Mode><SSN/><ApplicationId>206456</ApplicationId><DriverName>Rodrigo Wintheiser</DriverName><Status>Accepted</Status><Description>Driver demographic data inserted. Accepted - application 206456 completed and inserted.</Description><TenstreetLogId>130189</TenstreetLogId><DisplayHTML><![CDATA[<style>#application_html {font-size:12px;font-family:arial;}#application_html td {border-bottom:1px dotted #CCC;vertical-align:top;padding-right:10px;padding-left:6px;width:50%;}#application_html td.separator {border:0;}#application_html .section{border: 1px solid #000;background-color:#FFF;font-size:12px;}#application_html .section_header{font-weight:bold;font-size:13px;border-bottom:1px solid #000;vertical-align:top;padding-left:10px;background-color:#31659C;color:#FFF;}</style><table cellpadding="0" cellspacing="0" align="center" width="530" style="font-family: arial; color: #000; font-size: 12px;"><tr><td colspan="2" valign="top" width="50%"><b>Justin Co</b><br>LIBRAMIENTO MEXICO 2, KM. 16 PONIENTE<br>CARR. LAREDO-ANAHUAC S/N<BR>COL. EJIDO EL PROGRESO<br>NUEVO LAREDO, TM C.P. 88123<br>1-800-123-4567</td><td align="right" valign="top" width="50%"><table cellpadding="0" cellspacing="0" align="center" width="100%" style="font-family: arial; color: #000; font-size: 12px;"><tr><td align="right" colspan="2">11-02-2022 5:48:58AM CDT</td></tr></table></td></tr><tr><td height="10"></td></tr><tr><td colspan="3" valign="top"><div><font color="#CC0000" size="3"><b>MorganVanLines</b></font></div><div style="font-size:16px;"></div></td></tr></table><table cellpadding="5" cellspacing="5" align="center" width="550"><tr><td style="font-family: arial; color: #000; font-size: 12px;"></td></tr></table><table cellpadding="5" cellspacing="5" align="center" width="550" id="application_html"><tr><td class="separator"><table align="center" cellpadding="2" cellspacing="0" width="100%" class="section"><tr><td colspan="2" class="section_header">Personal Information</td></tr><tr><td  colspan="2">Referral Code: <b>ar-web-facebook</b></td></tr><tr><td >Name&nbsp;</td><td >Rodrigo Wintheiser&nbsp;</td></tr><tr><td >Current Address&nbsp;</td><td >&nbsp;</td></tr><tr><td >City, State/Province Zip/Postal&nbsp;</td><td >&nbsp;</td></tr><tr><td >Country&nbsp;</td><td >&nbsp;</td></tr><tr><td >Residence 4 years or longer (If No, previous addresses shown below)&nbsp;</td><td >Yes&nbsp;</td></tr><tr><td >Primary Phone&nbsp;</td><td >334-509-2614&nbsp;</td></tr><tr><td >Email&nbsp;</td><td ><a href="mailto:fd.gi5tebdswiz13bps@fakedata.email">fd.gi5tebdswiz13bps@fakedata.email</a>&nbsp;</td></tr></table></td></tr><tr><td class="separator"><table align="center" cellpadding="2" cellspacing="0" width="100%" class="section"><tr><td colspan="2" class="section_header">Display Fields</td></tr><tr><td >Cdl A&nbsp;</td><td >Yes&nbsp;</td></tr><tr><td >Moving Violations&nbsp;</td><td >Yes&nbsp;</td></tr><tr><td >Experience&nbsp;</td><td >Yes&nbsp;</td></tr></table></td></tr></table>]]></DisplayHTML></TenstreetResponse>

<?xml version="1.0" encoding="UTF-8"?>
<TenstreetResponse><Version>1.1</Version><SourceIpAddress>82.77.147.209</SourceIpAddress><CompanyPostedToId>15</CompanyPostedToId><DateTime>2022-11-02 05:52:14</DateTime><Mode>TEST</Mode><SSN/><ApplicationId>206457</ApplicationId><DriverName>Leola Berge</DriverName><Status>Accepted</Status><Description>Driver demographic data inserted. Accepted - application 206457 completed and inserted.</Description><TenstreetLogId>130190</TenstreetLogId><DisplayHTML><![CDATA[<style>#application_html {font-size:12px;font-family:arial;}#application_html td {border-bottom:1px dotted #CCC;vertical-align:top;padding-right:10px;padding-left:6px;width:50%;}#application_html td.separator {border:0;}#application_html .section{border: 1px solid #000;background-color:#FFF;font-size:12px;}#application_html .section_header{font-weight:bold;font-size:13px;border-bottom:1px solid #000;vertical-align:top;padding-left:10px;background-color:#31659C;color:#FFF;}</style><table cellpadding="0" cellspacing="0" align="center" width="530" style="font-family: arial; color: #000; font-size: 12px;"><tr><td colspan="2" valign="top" width="50%"><b>Justin Co</b><br>LIBRAMIENTO MEXICO 2, KM. 16 PONIENTE<br>CARR. LAREDO-ANAHUAC S/N<BR>COL. EJIDO EL PROGRESO<br>NUEVO LAREDO, TM C.P. 88123<br>1-800-123-4567</td><td align="right" valign="top" width="50%"><table cellpadding="0" cellspacing="0" align="center" width="100%" style="font-family: arial; color: #000; font-size: 12px;"><tr><td align="right" colspan="2">11-02-2022 5:52:14AM CDT</td></tr></table></td></tr><tr><td height="10"></td></tr><tr><td colspan="3" valign="top"><div><font color="#CC0000" size="3"><b>MorganVanLines</b></font></div><div style="font-size:16px;"></div></td></tr></table><table cellpadding="5" cellspacing="5" align="center" width="550"><tr><td style="font-family: arial; color: #000; font-size: 12px;"></td></tr></table><table cellpadding="5" cellspacing="5" align="center" width="550" id="application_html"><tr><td class="separator"><table align="center" cellpadding="2" cellspacing="0" width="100%" class="section"><tr><td colspan="2" class="section_header">Personal Information</td></tr><tr><td  colspan="2">Referral Code: <b>ar-web-facebook</b></td></tr><tr><td >Name&nbsp;</td><td >Leola Berge&nbsp;</td></tr><tr><td >Current Address&nbsp;</td><td >&nbsp;</td></tr><tr><td >City, State/Province Zip/Postal&nbsp;</td><td >&nbsp;</td></tr><tr><td >Country&nbsp;</td><td >&nbsp;</td></tr><tr><td >Residence 4 years or longer (If No, previous addresses shown below)&nbsp;</td><td >Yes&nbsp;</td></tr><tr><td >Primary Phone&nbsp;</td><td >334-509-2614&nbsp;</td></tr><tr><td >Email&nbsp;</td><td ><a href="mailto:fd.vljng5ascvinbpwi@fakedata.email">fd.vljng5ascvinbpwi@fakedata.email</a>&nbsp;</td></tr></table></td></tr><tr><td class="separator"><table align="center" cellpadding="2" cellspacing="0" width="100%" class="section"><tr><td colspan="2" class="section_header">Display Fields</td></tr><tr><td >Cdl A&nbsp;</td><td >Yes&nbsp;</td></tr><tr><td >Moving Violations&nbsp;</td><td >Yes&nbsp;</td></tr><tr><td >Experience&nbsp;</td><td >Yes&nbsp;</td></tr></table></td></tr></table>]]></DisplayHTML></TenstreetResponse>

<?xml version="1.0" encoding="UTF-8"?>
<TenstreetResponse><Version>1.1</Version><SourceIpAddress>82.77.147.209</SourceIpAddress><CompanyPostedToId>15</CompanyPostedToId><DateTime>2022-11-02 06:40:46</DateTime><Mode>TEST</Mode><SSN/><ApplicationId>206461</ApplicationId><DriverName>Kolby Von</DriverName><Status>Accepted</Status><Description>Driver demographic data inserted. Accepted - application 206461 completed and inserted.</Description><TenstreetLogId>130194</TenstreetLogId><DisplayHTML><![CDATA[<style>#application_html {font-size:12px;font-family:arial;}#application_html td {border-bottom:1px dotted #CCC;vertical-align:top;padding-right:10px;padding-left:6px;width:50%;}#application_html td.separator {border:0;}#application_html .section{border: 1px solid #000;background-color:#FFF;font-size:12px;}#application_html .section_header{font-weight:bold;font-size:13px;border-bottom:1px solid #000;vertical-align:top;padding-left:10px;background-color:#31659C;color:#FFF;}</style><table cellpadding="0" cellspacing="0" align="center" width="530" style="font-family: arial; color: #000; font-size: 12px;"><tr><td colspan="2" valign="top" width="50%"><b>Justin Co</b><br>LIBRAMIENTO MEXICO 2, KM. 16 PONIENTE<br>CARR. LAREDO-ANAHUAC S/N<BR>COL. EJIDO EL PROGRESO<br>NUEVO LAREDO, TM C.P. 88123<br>1-800-123-4567</td><td align="right" valign="top" width="50%"><table cellpadding="0" cellspacing="0" align="center" width="100%" style="font-family: arial; color: #000; font-size: 12px;"><tr><td align="right" colspan="2">11-02-2022 6:40:46AM CDT</td></tr></table></td></tr><tr><td height="10"></td></tr><tr><td colspan="3" valign="top"><div><font color="#CC0000" size="3"><b>MorganVanLines</b></font></div><div style="font-size:16px;"></div></td></tr></table><table cellpadding="5" cellspacing="5" align="center" width="550"><tr><td style="font-family: arial; color: #000; font-size: 12px;"></td></tr></table><table cellpadding="5" cellspacing="5" align="center" width="550" id="application_html"><tr><td class="separator"><table align="center" cellpadding="2" cellspacing="0" width="100%" class="section"><tr><td colspan="2" class="section_header">Personal Information</td></tr><tr><td  colspan="2">Referral Code: <b>ar-web-facebook</b></td></tr><tr><td >Name&nbsp;</td><td >Kolby Von&nbsp;</td></tr><tr><td >Current Address&nbsp;</td><td >&nbsp;</td></tr><tr><td >City, State/Province Zip/Postal&nbsp;</td><td >&nbsp;</td></tr><tr><td >Country&nbsp;</td><td >&nbsp;</td></tr><tr><td >Residence 4 years or longer (If No, previous addresses shown below)&nbsp;</td><td >Yes&nbsp;</td></tr><tr><td >Primary Phone&nbsp;</td><td >334-509-2614&nbsp;</td></tr><tr><td >Email&nbsp;</td><td ><a href="mailto:fd.5zrtat3n6znbsxe7@fakedata.email">fd.5zrtat3n6znbsxe7@fakedata.email</a>&nbsp;</td></tr></table></td></tr><tr><td class="separator"><table align="center" cellpadding="2" cellspacing="0" width="100%" class="section"><tr><td colspan="2" class="section_header">Display Fields</td></tr><tr><td >Cdl A&nbsp;</td><td >Yes&nbsp;</td></tr><tr><td >Moving Violations&nbsp;</td><td >Yes&nbsp;</td></tr><tr><td >Experience&nbsp;</td><td >Yes&nbsp;</td></tr></table></td></tr></table>]]></DisplayHTML></TenstreetResponse>

<?xml version="1.0" encoding="UTF-8"?>
<TenstreetResponse><Version>1.1</Version><SourceIpAddress>82.77.147.209</SourceIpAddress><CompanyPostedToId>15</CompanyPostedToId><DateTime>2022-11-02 06:41:58</DateTime><Mode>TEST</Mode><SSN/><ApplicationId>206462</ApplicationId><DriverName>Cierra Metz</DriverName><Status>Accepted</Status><Description>Driver demographic data inserted. Accepted - application 206462 completed and inserted.</Description><TenstreetLogId>130195</TenstreetLogId><DisplayHTML><![CDATA[<style>#application_html {font-size:12px;font-family:arial;}#application_html td {border-bottom:1px dotted #CCC;vertical-align:top;padding-right:10px;padding-left:6px;width:50%;}#application_html td.separator {border:0;}#application_html .section{border: 1px solid #000;background-color:#FFF;font-size:12px;}#application_html .section_header{font-weight:bold;font-size:13px;border-bottom:1px solid #000;vertical-align:top;padding-left:10px;background-color:#31659C;color:#FFF;}</style><table cellpadding="0" cellspacing="0" align="center" width="530" style="font-family: arial; color: #000; font-size: 12px;"><tr><td colspan="2" valign="top" width="50%"><b>Justin Co</b><br>LIBRAMIENTO MEXICO 2, KM. 16 PONIENTE<br>CARR. LAREDO-ANAHUAC S/N<BR>COL. EJIDO EL PROGRESO<br>NUEVO LAREDO, TM C.P. 88123<br>1-800-123-4567</td><td align="right" valign="top" width="50%"><table cellpadding="0" cellspacing="0" align="center" width="100%" style="font-family: arial; color: #000; font-size: 12px;"><tr><td align="right" colspan="2">11-02-2022 6:41:58AM CDT</td></tr></table></td></tr><tr><td height="10"></td></tr><tr><td colspan="3" valign="top"><div><font color="#CC0000" size="3"><b>MorganVanLines</b></font></div><div style="font-size:16px;"></div></td></tr></table><table cellpadding="5" cellspacing="5" align="center" width="550"><tr><td style="font-family: arial; color: #000; font-size: 12px;"></td></tr></table><table cellpadding="5" cellspacing="5" align="center" width="550" id="application_html"><tr><td class="separator"><table align="center" cellpadding="2" cellspacing="0" width="100%" class="section"><tr><td colspan="2" class="section_header">Personal Information</td></tr><tr><td  colspan="2">Referral Code: <b>ar-web-facebook</b></td></tr><tr><td >Name&nbsp;</td><td >Cierra Metz&nbsp;</td></tr><tr><td >Current Address&nbsp;</td><td >&nbsp;</td></tr><tr><td >City, State/Province Zip/Postal&nbsp;</td><td >&nbsp;</td></tr><tr><td >Country&nbsp;</td><td >&nbsp;</td></tr><tr><td >Residence 4 years or longer (If No, previous addresses shown below)&nbsp;</td><td >Yes&nbsp;</td></tr><tr><td >Primary Phone&nbsp;</td><td >334-509-2614&nbsp;</td></tr><tr><td >Email&nbsp;</td><td ><a href="mailto:fd.azo2a8lovcejxhan@fakedata.email">fd.azo2a8lovcejxhan@fakedata.email</a>&nbsp;</td></tr></table></td></tr><tr><td class="separator"><table align="center" cellpadding="2" cellspacing="0" width="100%" class="section"><tr><td colspan="2" class="section_header">Display Fields</td></tr><tr><td >Cdl A&nbsp;</td><td >Yes&nbsp;</td></tr><tr><td >Moving Violations&nbsp;</td><td >Yes&nbsp;</td></tr><tr><td >Experience&nbsp;</td><td >Yes&nbsp;</td></tr></table></td></tr></table>]]></DisplayHTML></TenstreetResponse>

<?xml version="1.0" encoding="UTF-8"?>
<TenstreetResponse><Version>1.1</Version><SourceIpAddress>82.77.147.209</SourceIpAddress><CompanyPostedToId>15</CompanyPostedToId><DateTime>2022-11-02 06:42:30</DateTime><Mode>TEST</Mode><SSN/><ApplicationId>206463</ApplicationId><DriverName>Cierra Metz</DriverName><Status>Accepted</Status><Description>Driver demographic data inserted. Accepted - application 206463 completed and inserted.</Description><TenstreetLogId>130196</TenstreetLogId><DisplayHTML><![CDATA[<style>#application_html {font-size:12px;font-family:arial;}#application_html td {border-bottom:1px dotted #CCC;vertical-align:top;padding-right:10px;padding-left:6px;width:50%;}#application_html td.separator {border:0;}#application_html .section{border: 1px solid #000;background-color:#FFF;font-size:12px;}#application_html .section_header{font-weight:bold;font-size:13px;border-bottom:1px solid #000;vertical-align:top;padding-left:10px;background-color:#31659C;color:#FFF;}</style><table cellpadding="0" cellspacing="0" align="center" width="530" style="font-family: arial; color: #000; font-size: 12px;"><tr><td colspan="2" valign="top" width="50%"><b>Justin Co</b><br>LIBRAMIENTO MEXICO 2, KM. 16 PONIENTE<br>CARR. LAREDO-ANAHUAC S/N<BR>COL. EJIDO EL PROGRESO<br>NUEVO LAREDO, TM C.P. 88123<br>1-800-123-4567</td><td align="right" valign="top" width="50%"><table cellpadding="0" cellspacing="0" align="center" width="100%" style="font-family: arial; color: #000; font-size: 12px;"><tr><td align="right" colspan="2">11-02-2022 6:42:29AM CDT</td></tr></table></td></tr><tr><td height="10"></td></tr><tr><td colspan="3" valign="top"><div><font color="#CC0000" size="3"><b>MorganVanLines</b></font></div><div style="font-size:16px;"></div></td></tr></table><table cellpadding="5" cellspacing="5" align="center" width="550"><tr><td style="font-family: arial; color: #000; font-size: 12px;"></td></tr></table><table cellpadding="5" cellspacing="5" align="center" width="550" id="application_html"><tr><td class="separator"><table align="center" cellpadding="2" cellspacing="0" width="100%" class="section"><tr><td colspan="2" class="section_header">Personal Information</td></tr><tr><td  colspan="2">Referral Code: <b>ar-web-facebook</b></td></tr><tr><td >Name&nbsp;</td><td >Cierra Metz&nbsp;</td></tr><tr><td >Current Address&nbsp;</td><td >&nbsp;</td></tr><tr><td >City, State/Province Zip/Postal&nbsp;</td><td >&nbsp;</td></tr><tr><td >Country&nbsp;</td><td >&nbsp;</td></tr><tr><td >Residence 4 years or longer (If No, previous addresses shown below)&nbsp;</td><td >Yes&nbsp;</td></tr><tr><td >Primary Phone&nbsp;</td><td >334-509-2614&nbsp;</td></tr><tr><td >Email&nbsp;</td><td ><a href="mailto:fd.azo2a8lovcejxhan@fakedata.email">fd.azo2a8lovcejxhan@fakedata.email</a>&nbsp;</td></tr></table></td></tr><tr><td class="separator"><table align="center" cellpadding="2" cellspacing="0" width="100%" class="section"><tr><td colspan="2" class="section_header">Display Fields</td></tr><tr><td >Cdl A&nbsp;</td><td >Yes&nbsp;</td></tr><tr><td >Moving Violations&nbsp;</td><td >Yes&nbsp;</td></tr><tr><td >Experience&nbsp;</td><td >Yes&nbsp;</td></tr></table></td></tr></table>]]></DisplayHTML></TenstreetResponse>

<?xml version="1.0" encoding="UTF-8"?>
<TenstreetResponse><Version>1.1</Version><SourceIpAddress>82.77.147.209</SourceIpAddress><CompanyPostedToId>15</CompanyPostedToId><DateTime>2022-11-02 06:42:43</DateTime><Mode>TEST</Mode><SSN/><ApplicationId>206464</ApplicationId><DriverName>Cierra Metz</DriverName><Status>Accepted</Status><Description>Driver demographic data inserted. Accepted - application 206464 completed and inserted.</Description><TenstreetLogId>130197</TenstreetLogId><DisplayHTML><![CDATA[<style>#application_html {font-size:12px;font-family:arial;}#application_html td {border-bottom:1px dotted #CCC;vertical-align:top;padding-right:10px;padding-left:6px;width:50%;}#application_html td.separator {border:0;}#application_html .section{border: 1px solid #000;background-color:#FFF;font-size:12px;}#application_html .section_header{font-weight:bold;font-size:13px;border-bottom:1px solid #000;vertical-align:top;padding-left:10px;background-color:#31659C;color:#FFF;}</style><table cellpadding="0" cellspacing="0" align="center" width="530" style="font-family: arial; color: #000; font-size: 12px;"><tr><td colspan="2" valign="top" width="50%"><b>Justin Co</b><br>LIBRAMIENTO MEXICO 2, KM. 16 PONIENTE<br>CARR. LAREDO-ANAHUAC S/N<BR>COL. EJIDO EL PROGRESO<br>NUEVO LAREDO, TM C.P. 88123<br>1-800-123-4567</td><td align="right" valign="top" width="50%"><table cellpadding="0" cellspacing="0" align="center" width="100%" style="font-family: arial; color: #000; font-size: 12px;"><tr><td align="right" colspan="2">11-02-2022 6:42:43AM CDT</td></tr></table></td></tr><tr><td height="10"></td></tr><tr><td colspan="3" valign="top"><div><font color="#CC0000" size="3"><b>MorganVanLines</b></font></div><div style="font-size:16px;"></div></td></tr></table><table cellpadding="5" cellspacing="5" align="center" width="550"><tr><td style="font-family: arial; color: #000; font-size: 12px;"></td></tr></table><table cellpadding="5" cellspacing="5" align="center" width="550" id="application_html"><tr><td class="separator"><table align="center" cellpadding="2" cellspacing="0" width="100%" class="section"><tr><td colspan="2" class="section_header">Personal Information</td></tr><tr><td  colspan="2">Referral Code: <b>ar-web-facebook</b></td></tr><tr><td >Name&nbsp;</td><td >Cierra Metz&nbsp;</td></tr><tr><td >Current Address&nbsp;</td><td >&nbsp;</td></tr><tr><td >City, State/Province Zip/Postal&nbsp;</td><td >&nbsp;</td></tr><tr><td >Country&nbsp;</td><td >&nbsp;</td></tr><tr><td >Residence 4 years or longer (If No, previous addresses shown below)&nbsp;</td><td >Yes&nbsp;</td></tr><tr><td >Primary Phone&nbsp;</td><td >334-509-2614&nbsp;</td></tr><tr><td >Email&nbsp;</td><td ><a href="mailto:fd.azo2a8lovcejxhan@fakedata.email">fd.azo2a8lovcejxhan@fakedata.email</a>&nbsp;</td></tr></table></td></tr><tr><td class="separator"><table align="center" cellpadding="2" cellspacing="0" width="100%" class="section"><tr><td colspan="2" class="section_header">Display Fields</td></tr><tr><td >Cdl A&nbsp;</td><td >Yes&nbsp;</td></tr><tr><td >Moving Violations&nbsp;</td><td >Yes&nbsp;</td></tr><tr><td >Experience&nbsp;</td><td >Yes&nbsp;</td></tr></table></td></tr></table>]]></DisplayHTML></TenstreetResponse>

<?xml version="1.0" encoding="UTF-8"?>
<TenstreetResponse><Version>1.1</Version><SourceIpAddress>82.77.147.209</SourceIpAddress><CompanyPostedToId>15</CompanyPostedToId><DateTime>2022-11-02 06:44:14</DateTime><Mode>TEST</Mode><SSN/><ApplicationId>206465</ApplicationId><DriverName>Isac Rogahn</DriverName><Status>Accepted</Status><Description>Driver demographic data inserted. Accepted - application 206465 completed and inserted.</Description><TenstreetLogId>130198</TenstreetLogId><DisplayHTML><![CDATA[<style>#application_html {font-size:12px;font-family:arial;}#application_html td {border-bottom:1px dotted #CCC;vertical-align:top;padding-right:10px;padding-left:6px;width:50%;}#application_html td.separator {border:0;}#application_html .section{border: 1px solid #000;background-color:#FFF;font-size:12px;}#application_html .section_header{font-weight:bold;font-size:13px;border-bottom:1px solid #000;vertical-align:top;padding-left:10px;background-color:#31659C;color:#FFF;}</style><table cellpadding="0" cellspacing="0" align="center" width="530" style="font-family: arial; color: #000; font-size: 12px;"><tr><td colspan="2" valign="top" width="50%"><b>Justin Co</b><br>LIBRAMIENTO MEXICO 2, KM. 16 PONIENTE<br>CARR. LAREDO-ANAHUAC S/N<BR>COL. EJIDO EL PROGRESO<br>NUEVO LAREDO, TM C.P. 88123<br>1-800-123-4567</td><td align="right" valign="top" width="50%"><table cellpadding="0" cellspacing="0" align="center" width="100%" style="font-family: arial; color: #000; font-size: 12px;"><tr><td align="right" colspan="2">11-02-2022 6:44:13AM CDT</td></tr></table></td></tr><tr><td height="10"></td></tr><tr><td colspan="3" valign="top"><div><font color="#CC0000" size="3"><b>MorganVanLines</b></font></div><div style="font-size:16px;"></div></td></tr></table><table cellpadding="5" cellspacing="5" align="center" width="550"><tr><td style="font-family: arial; color: #000; font-size: 12px;"></td></tr></table><table cellpadding="5" cellspacing="5" align="center" width="550" id="application_html"><tr><td class="separator"><table align="center" cellpadding="2" cellspacing="0" width="100%" class="section"><tr><td colspan="2" class="section_header">Personal Information</td></tr><tr><td  colspan="2">Referral Code: <b>ar-web-facebook</b></td></tr><tr><td >Name&nbsp;</td><td >Isac Rogahn&nbsp;</td></tr><tr><td >Current Address&nbsp;</td><td >&nbsp;</td></tr><tr><td >City, State/Province Zip/Postal&nbsp;</td><td >&nbsp;</td></tr><tr><td >Country&nbsp;</td><td >&nbsp;</td></tr><tr><td >Residence 4 years or longer (If No, previous addresses shown below)&nbsp;</td><td >Yes&nbsp;</td></tr><tr><td >Primary Phone&nbsp;</td><td >334-509-2614&nbsp;</td></tr><tr><td >Email&nbsp;</td><td ><a href="mailto:fd.vzdydzojwtlhzhqm@fakedata.email">fd.vzdydzojwtlhzhqm@fakedata.email</a>&nbsp;</td></tr></table></td></tr><tr><td class="separator"><table align="center" cellpadding="2" cellspacing="0" width="100%" class="section"><tr><td colspan="2" class="section_header">Display Fields</td></tr><tr><td >Cdl A&nbsp;</td><td >Yes&nbsp;</td></tr><tr><td >Moving Violations&nbsp;</td><td >Yes&nbsp;</td></tr><tr><td >Experience&nbsp;</td><td >Yes&nbsp;</td></tr></table></td></tr></table>]]></DisplayHTML></TenstreetResponse>

<?xml version="1.0" encoding="UTF-8"?>
<TenstreetResponse><Version>1.1</Version><SourceIpAddress>82.77.147.209</SourceIpAddress><CompanyPostedToId>15</CompanyPostedToId><DateTime>2022-11-02 06:44:28</DateTime><Mode>TEST</Mode><SSN/><ApplicationId>206466</ApplicationId><DriverName>Isac Rogahn</DriverName><Status>Accepted</Status><Description>Driver demographic data inserted. Accepted - application 206466 completed and inserted.</Description><TenstreetLogId>130199</TenstreetLogId><DisplayHTML><![CDATA[<style>#application_html {font-size:12px;font-family:arial;}#application_html td {border-bottom:1px dotted #CCC;vertical-align:top;padding-right:10px;padding-left:6px;width:50%;}#application_html td.separator {border:0;}#application_html .section{border: 1px solid #000;background-color:#FFF;font-size:12px;}#application_html .section_header{font-weight:bold;font-size:13px;border-bottom:1px solid #000;vertical-align:top;padding-left:10px;background-color:#31659C;color:#FFF;}</style><table cellpadding="0" cellspacing="0" align="center" width="530" style="font-family: arial; color: #000; font-size: 12px;"><tr><td colspan="2" valign="top" width="50%"><b>Justin Co</b><br>LIBRAMIENTO MEXICO 2, KM. 16 PONIENTE<br>CARR. LAREDO-ANAHUAC S/N<BR>COL. EJIDO EL PROGRESO<br>NUEVO LAREDO, TM C.P. 88123<br>1-800-123-4567</td><td align="right" valign="top" width="50%"><table cellpadding="0" cellspacing="0" align="center" width="100%" style="font-family: arial; color: #000; font-size: 12px;"><tr><td align="right" colspan="2">11-02-2022 6:44:28AM CDT</td></tr></table></td></tr><tr><td height="10"></td></tr><tr><td colspan="3" valign="top"><div><font color="#CC0000" size="3"><b>MorganVanLines</b></font></div><div style="font-size:16px;"></div></td></tr></table><table cellpadding="5" cellspacing="5" align="center" width="550"><tr><td style="font-family: arial; color: #000; font-size: 12px;"></td></tr></table><table cellpadding="5" cellspacing="5" align="center" width="550" id="application_html"><tr><td class="separator"><table align="center" cellpadding="2" cellspacing="0" width="100%" class="section"><tr><td colspan="2" class="section_header">Personal Information</td></tr><tr><td  colspan="2">Referral Code: <b>ar-web-facebook</b></td></tr><tr><td >Name&nbsp;</td><td >Isac Rogahn&nbsp;</td></tr><tr><td >Current Address&nbsp;</td><td >&nbsp;</td></tr><tr><td >City, State/Province Zip/Postal&nbsp;</td><td >&nbsp;</td></tr><tr><td >Country&nbsp;</td><td >&nbsp;</td></tr><tr><td >Residence 4 years or longer (If No, previous addresses shown below)&nbsp;</td><td >Yes&nbsp;</td></tr><tr><td >Primary Phone&nbsp;</td><td >334-509-2614&nbsp;</td></tr><tr><td >Email&nbsp;</td><td ><a href="mailto:fd.vzdydzojwtlhzhqm@fakedata.email">fd.vzdydzojwtlhzhqm@fakedata.email</a>&nbsp;</td></tr></table></td></tr><tr><td class="separator"><table align="center" cellpadding="2" cellspacing="0" width="100%" class="section"><tr><td colspan="2" class="section_header">Display Fields</td></tr><tr><td >Cdl A&nbsp;</td><td >Yes&nbsp;</td></tr><tr><td >Moving Violations&nbsp;</td><td >Yes&nbsp;</td></tr><tr><td >Experience&nbsp;</td><td >Yes&nbsp;</td></tr></table></td></tr></table>]]></DisplayHTML></TenstreetResponse>

<?xml version="1.0" encoding="UTF-8"?>
<TenstreetResponse><Version>1.1</Version><SourceIpAddress>82.77.147.209</SourceIpAddress><CompanyPostedToId>15</CompanyPostedToId><DateTime>2022-11-02 06:44:37</DateTime><Mode>TEST</Mode><SSN/><ApplicationId>206467</ApplicationId><DriverName>Isac Rogahn</DriverName><Status>Accepted</Status><Description>Driver demographic data inserted. Accepted - application 206467 completed and inserted.</Description><TenstreetLogId>130200</TenstreetLogId><DisplayHTML><![CDATA[<style>#application_html {font-size:12px;font-family:arial;}#application_html td {border-bottom:1px dotted #CCC;vertical-align:top;padding-right:10px;padding-left:6px;width:50%;}#application_html td.separator {border:0;}#application_html .section{border: 1px solid #000;background-color:#FFF;font-size:12px;}#application_html .section_header{font-weight:bold;font-size:13px;border-bottom:1px solid #000;vertical-align:top;padding-left:10px;background-color:#31659C;color:#FFF;}</style><table cellpadding="0" cellspacing="0" align="center" width="530" style="font-family: arial; color: #000; font-size: 12px;"><tr><td colspan="2" valign="top" width="50%"><b>Justin Co</b><br>LIBRAMIENTO MEXICO 2, KM. 16 PONIENTE<br>CARR. LAREDO-ANAHUAC S/N<BR>COL. EJIDO EL PROGRESO<br>NUEVO LAREDO, TM C.P. 88123<br>1-800-123-4567</td><td align="right" valign="top" width="50%"><table cellpadding="0" cellspacing="0" align="center" width="100%" style="font-family: arial; color: #000; font-size: 12px;"><tr><td align="right" colspan="2">11-02-2022 6:44:37AM CDT</td></tr></table></td></tr><tr><td height="10"></td></tr><tr><td colspan="3" valign="top"><div><font color="#CC0000" size="3"><b>MorganVanLines</b></font></div><div style="font-size:16px;"></div></td></tr></table><table cellpadding="5" cellspacing="5" align="center" width="550"><tr><td style="font-family: arial; color: #000; font-size: 12px;"></td></tr></table><table cellpadding="5" cellspacing="5" align="center" width="550" id="application_html"><tr><td class="separator"><table align="center" cellpadding="2" cellspacing="0" width="100%" class="section"><tr><td colspan="2" class="section_header">Personal Information</td></tr><tr><td  colspan="2">Referral Code: <b>ar-web-facebook</b></td></tr><tr><td >Name&nbsp;</td><td >Isac Rogahn&nbsp;</td></tr><tr><td >Current Address&nbsp;</td><td >&nbsp;</td></tr><tr><td >City, State/Province Zip/Postal&nbsp;</td><td >&nbsp;</td></tr><tr><td >Country&nbsp;</td><td >&nbsp;</td></tr><tr><td >Residence 4 years or longer (If No, previous addresses shown below)&nbsp;</td><td >Yes&nbsp;</td></tr><tr><td >Primary Phone&nbsp;</td><td >334-509-2614&nbsp;</td></tr><tr><td >Email&nbsp;</td><td ><a href="mailto:fd.vzdydzojwtlhzhqm@fakedata.email">fd.vzdydzojwtlhzhqm@fakedata.email</a>&nbsp;</td></tr></table></td></tr><tr><td class="separator"><table align="center" cellpadding="2" cellspacing="0" width="100%" class="section"><tr><td colspan="2" class="section_header">Display Fields</td></tr><tr><td >Cdl A&nbsp;</td><td >Yes&nbsp;</td></tr><tr><td >Moving Violations&nbsp;</td><td >Yes&nbsp;</td></tr><tr><td >Experience&nbsp;</td><td >Yes&nbsp;</td></tr></table></td></tr></table>]]></DisplayHTML></TenstreetResponse>

<?xml version="1.0" encoding="UTF-8"?>
<TenstreetResponse><Version>1.1</Version><SourceIpAddress>82.77.147.209</SourceIpAddress><CompanyPostedToId>15</CompanyPostedToId><DateTime>2022-11-02 06:44:48</DateTime><Mode>TEST</Mode><SSN/><ApplicationId>206468</ApplicationId><DriverName>Isac Rogahn</DriverName><Status>Accepted</Status><Description>Driver demographic data inserted. Accepted - application 206468 completed and inserted.</Description><TenstreetLogId>130201</TenstreetLogId><DisplayHTML><![CDATA[<style>#application_html {font-size:12px;font-family:arial;}#application_html td {border-bottom:1px dotted #CCC;vertical-align:top;padding-right:10px;padding-left:6px;width:50%;}#application_html td.separator {border:0;}#application_html .section{border: 1px solid #000;background-color:#FFF;font-size:12px;}#application_html .section_header{font-weight:bold;font-size:13px;border-bottom:1px solid #000;vertical-align:top;padding-left:10px;background-color:#31659C;color:#FFF;}</style><table cellpadding="0" cellspacing="0" align="center" width="530" style="font-family: arial; color: #000; font-size: 12px;"><tr><td colspan="2" valign="top" width="50%"><b>Justin Co</b><br>LIBRAMIENTO MEXICO 2, KM. 16 PONIENTE<br>CARR. LAREDO-ANAHUAC S/N<BR>COL. EJIDO EL PROGRESO<br>NUEVO LAREDO, TM C.P. 88123<br>1-800-123-4567</td><td align="right" valign="top" width="50%"><table cellpadding="0" cellspacing="0" align="center" width="100%" style="font-family: arial; color: #000; font-size: 12px;"><tr><td align="right" colspan="2">11-02-2022 6:44:48AM CDT</td></tr></table></td></tr><tr><td height="10"></td></tr><tr><td colspan="3" valign="top"><div><font color="#CC0000" size="3"><b>MorganVanLines</b></font></div><div style="font-size:16px;"></div></td></tr></table><table cellpadding="5" cellspacing="5" align="center" width="550"><tr><td style="font-family: arial; color: #000; font-size: 12px;"></td></tr></table><table cellpadding="5" cellspacing="5" align="center" width="550" id="application_html"><tr><td class="separator"><table align="center" cellpadding="2" cellspacing="0" width="100%" class="section"><tr><td colspan="2" class="section_header">Personal Information</td></tr><tr><td  colspan="2">Referral Code: <b>ar-web-facebook</b></td></tr><tr><td >Name&nbsp;</td><td >Isac Rogahn&nbsp;</td></tr><tr><td >Current Address&nbsp;</td><td >&nbsp;</td></tr><tr><td >City, State/Province Zip/Postal&nbsp;</td><td >&nbsp;</td></tr><tr><td >Country&nbsp;</td><td >&nbsp;</td></tr><tr><td >Residence 4 years or longer (If No, previous addresses shown below)&nbsp;</td><td >Yes&nbsp;</td></tr><tr><td >Primary Phone&nbsp;</td><td >334-509-2614&nbsp;</td></tr><tr><td >Email&nbsp;</td><td ><a href="mailto:fd.vzdydzojwtlhzhqm@fakedata.email">fd.vzdydzojwtlhzhqm@fakedata.email</a>&nbsp;</td></tr></table></td></tr><tr><td class="separator"><table align="center" cellpadding="2" cellspacing="0" width="100%" class="section"><tr><td colspan="2" class="section_header">Display Fields</td></tr><tr><td >Cdl A&nbsp;</td><td >Yes&nbsp;</td></tr><tr><td >Moving Violations&nbsp;</td><td >Yes&nbsp;</td></tr><tr><td >Experience&nbsp;</td><td >Yes&nbsp;</td></tr></table></td></tr></table>]]></DisplayHTML></TenstreetResponse>

<?xml version="1.0" encoding="UTF-8"?>
<TenstreetResponse><Version>1.1</Version><SourceIpAddress>82.77.147.209</SourceIpAddress><CompanyPostedToId>15</CompanyPostedToId><DateTime>2022-11-02 06:51:59</DateTime><Mode>TEST</Mode><SSN/><ApplicationId>206470</ApplicationId><DriverName>Merl Jenkins</DriverName><Status>Accepted</Status><Description>Driver demographic data inserted. Accepted - application 206470 completed and inserted.</Description><TenstreetLogId>130203</TenstreetLogId><DisplayHTML><![CDATA[<style>#application_html {font-size:12px;font-family:arial;}#application_html td {border-bottom:1px dotted #CCC;vertical-align:top;padding-right:10px;padding-left:6px;width:50%;}#application_html td.separator {border:0;}#application_html .section{border: 1px solid #000;background-color:#FFF;font-size:12px;}#application_html .section_header{font-weight:bold;font-size:13px;border-bottom:1px solid #000;vertical-align:top;padding-left:10px;background-color:#31659C;color:#FFF;}</style><table cellpadding="0" cellspacing="0" align="center" width="530" style="font-family: arial; color: #000; font-size: 12px;"><tr><td colspan="2" valign="top" width="50%"><b>Justin Co</b><br>LIBRAMIENTO MEXICO 2, KM. 16 PONIENTE<br>CARR. LAREDO-ANAHUAC S/N<BR>COL. EJIDO EL PROGRESO<br>NUEVO LAREDO, TM C.P. 88123<br>1-800-123-4567</td><td align="right" valign="top" width="50%"><table cellpadding="0" cellspacing="0" align="center" width="100%" style="font-family: arial; color: #000; font-size: 12px;"><tr><td align="right" colspan="2">11-02-2022 6:51:59AM CDT</td></tr></table></td></tr><tr><td height="10"></td></tr><tr><td colspan="3" valign="top"><div><font color="#CC0000" size="3"><b>MorganVanLines</b></font></div><div style="font-size:16px;"></div></td></tr></table><table cellpadding="5" cellspacing="5" align="center" width="550"><tr><td style="font-family: arial; color: #000; font-size: 12px;"></td></tr></table><table cellpadding="5" cellspacing="5" align="center" width="550" id="application_html"><tr><td class="separator"><table align="center" cellpadding="2" cellspacing="0" width="100%" class="section"><tr><td colspan="2" class="section_header">Personal Information</td></tr><tr><td  colspan="2">Referral Code: <b>ar-web-facebook</b></td></tr><tr><td >Name&nbsp;</td><td >Merl Jenkins&nbsp;</td></tr><tr><td >Current Address&nbsp;</td><td >&nbsp;</td></tr><tr><td >City, State/Province Zip/Postal&nbsp;</td><td >&nbsp;</td></tr><tr><td >Country&nbsp;</td><td >&nbsp;</td></tr><tr><td >Residence 4 years or longer (If No, previous addresses shown below)&nbsp;</td><td >Yes&nbsp;</td></tr><tr><td >Primary Phone&nbsp;</td><td >334-509-2614&nbsp;</td></tr><tr><td >Email&nbsp;</td><td ><a href="mailto:fd.upl8gm6wpj3vjdpm@fakedata.email">fd.upl8gm6wpj3vjdpm@fakedata.email</a>&nbsp;</td></tr></table></td></tr><tr><td class="separator"><table align="center" cellpadding="2" cellspacing="0" width="100%" class="section"><tr><td colspan="2" class="section_header">Display Fields</td></tr><tr><td >Cdl A&nbsp;</td><td >Yes&nbsp;</td></tr><tr><td >Moving Violations&nbsp;</td><td >Yes&nbsp;</td></tr><tr><td >Experience&nbsp;</td><td >Yes&nbsp;</td></tr></table></td></tr></table>]]></DisplayHTML></TenstreetResponse>

<?xml version="1.0"?>
<TenstreetResponse>
  <Status>REJECTED</Status>
  <Description>Authentication failed. Check to make sure you have an Authentication node in your post and that it is properly filled out with the values you received from Tenstreet.</Description>
</TenstreetResponse>

<?xml version="1.0"?>
<TenstreetResponse>
  <Status>REJECTED</Status>
  <Description>Authentication failed. Check to make sure you have an Authentication node in your post and that it is properly filled out with the values you received from Tenstreet.</Description>
</TenstreetResponse>

<?xml version="1.0" encoding="UTF-8" ?>
<TenstreetData>
    <Authentication>
        <ClientId>741</ClientId>
        <Password>5YgH39ZyM!We^6t1wyhe02</Password>
        <Service>subject_upload</Service>
    </Authentication>
    <Source>MorganVanLines</Source>
    <CompanyId>15</CompanyId>
    <Mode>DEV</Mode>
    <PersonalData>
        <PersonName>
            <GivenName>Christian</GivenName>
            <FamilyName>Hilpert</FamilyName>
        </PersonName>
        <ContactData>
            <InternetEmailAddress>fd.rqmntr5ascmy8w7z@fakedata.email</InternetEmailAddress>
            <PrimaryPhone>3345092614</PrimaryPhone>
        </ContactData>
    </PersonalData>
    <ApplicationData>
    	<Zip>10920</Zip>
        <AppReferrer>ar-web-indeed</AppReferrer>
        <DisplayFields>
            <DisplayField>
                <DisplayPrompt>Cdl A</DisplayPrompt>
                <DisplayValue>Yes</DisplayValue>
            </DisplayField>
            <DisplayField>
                <DisplayPrompt>Moving Violations</DisplayPrompt>
                <DisplayValue>Yes</DisplayValue>
            </DisplayField>
            <DisplayField>
                <DisplayPrompt>Experience</DisplayPrompt>
                <DisplayValue>Yes</DisplayValue>
            </DisplayField>
        </DisplayFields>
    </ApplicationData>
</TenstreetData>


<?xml version="1.0"?>
<TenstreetResponse>
  <Status>REJECTED</Status>
  <Description>Authentication failed. Check to make sure you have an Authentication node in your post and that it is properly filled out with the values you received from Tenstreet.</Description>
</TenstreetResponse>

<?xml version="1.0" encoding="UTF-8" ?>
<TenstreetData>
    <Authentication>
        <ClientId>741</ClientId>
        <Password>5YgH39ZyM!We^6t1wyhe02</Password>
        <Service>subject_upload</Service>
    </Authentication>
    <Source>MorganVanLines</Source>
    <CompanyId>15</CompanyId>
    <Mode>DEV</Mode>
    <PersonalData>
        <PersonName>
            <GivenName>Test Nasir</GivenName>
            <FamilyName>Test Roob</FamilyName>
        </PersonName>
        <ContactData>
            <InternetEmailAddress>anthemrepublic.test.mjrqqj1llsunzt8n@fakedata.email</InternetEmailAddress>
            <PrimaryPhone>3345092614</PrimaryPhone>
        </ContactData>
        <PostalAddress>
        	<PostalCode>25110</PostalCode>
		</PostalAddress>
    </PersonalData>
    <ApplicationData>
        <AppReferrer>ar-web-indeed</AppReferrer>
        <DisplayFields>
            <DisplayField>
                <DisplayPrompt>Cdl A</DisplayPrompt>
                <DisplayValue>Yes</DisplayValue>
            </DisplayField>
            <DisplayField>
                <DisplayPrompt>Moving Violations</DisplayPrompt>
                <DisplayValue>Yes</DisplayValue>
            </DisplayField>
            <DisplayField>
                <DisplayPrompt>Experience</DisplayPrompt>
                <DisplayValue>Yes</DisplayValue>
            </DisplayField>
        </DisplayFields>
    </ApplicationData>
</TenstreetData>


<?xml version="1.0"?>
<TenstreetResponse>
  <Status>REJECTED</Status>
  <Description>Authentication failed. Check to make sure you have an Authentication node in your post and that it is properly filled out with the values you received from Tenstreet.</Description>
</TenstreetResponse>

<?xml version="1.0" encoding="UTF-8" ?>
<TenstreetData>
    <Authentication>
        <ClientId>741</ClientId>
        <Password>5YgH39ZyM!We^6t1wyhe02</Password>
        <Service>subject_upload</Service>
    </Authentication>
    <Source>MorganVanLines</Source>
    <CompanyId>15</CompanyId>
    <Mode>DEV</Mode>
    <PersonalData>
        <PersonName>
            <GivenName>Rhianna</GivenName>
            <FamilyName>Fahey</FamilyName>
        </PersonName>
        <ContactData>
            <InternetEmailAddress>ericpavol+test77850@gmail.com</InternetEmailAddress>
            <PrimaryPhone>151-019-6765</PrimaryPhone>
        </ContactData>
        <PostalAddress>
        	<PostalCode>73086-0244</PostalCode>
		</PostalAddress>
    </PersonalData>
    <ApplicationData>
        <AppReferrer>ar-web-organic</AppReferrer>
        <DisplayFields>
            <DisplayField>
                <DisplayPrompt>Cdl A</DisplayPrompt>
                <DisplayValue>Yes</DisplayValue>
            </DisplayField>
            <DisplayField>
                <DisplayPrompt>Moving Violations</DisplayPrompt>
                <DisplayValue>No</DisplayValue>
            </DisplayField>
            <DisplayField>
                <DisplayPrompt>Experience</DisplayPrompt>
                <DisplayValue>No</DisplayValue>
            </DisplayField>
        </DisplayFields>
    </ApplicationData>
</TenstreetData>


<?xml version="1.0"?>
<TenstreetResponse>
  <Status>REJECTED</Status>
  <Description>Authentication failed. Check to make sure you have an Authentication node in your post and that it is properly filled out with the values you received from Tenstreet.</Description>
</TenstreetResponse>

<?xml version="1.0" encoding="UTF-8" ?>
<TenstreetData>
    <Authentication>
        <ClientId>741</ClientId>
        <Password>5YgH39ZyM!We^6t1wyhe02</Password>
        <Service>subject_upload</Service>
    </Authentication>
    <Source>MorganVanLines</Source>
    <CompanyId>15</CompanyId>
    <Mode>DEV</Mode>
    <PersonalData>
        <PersonName>
            <GivenName>Test Armand</GivenName>
            <FamilyName>Test Bosco</FamilyName>
        </PersonName>
        <ContactData>
            <InternetEmailAddress>anthemrepublic.test.b0cndzab5zme2d41@fakedata.email</InternetEmailAddress>
            <PrimaryPhone>3345092614</PrimaryPhone>
        </ContactData>
        <PostalAddress>
        	<PostalCode>98106</PostalCode>
		</PostalAddress>
    </PersonalData>
    <ApplicationData>
        <AppReferrer>ar-web-indeed</AppReferrer>
        <DisplayFields>
            <DisplayField>
                <DisplayPrompt>Cdl A</DisplayPrompt>
                <DisplayValue>Yes</DisplayValue>
            </DisplayField>
            <DisplayField>
                <DisplayPrompt>Moving Violations</DisplayPrompt>
                <DisplayValue>Yes</DisplayValue>
            </DisplayField>
            <DisplayField>
                <DisplayPrompt>Experience</DisplayPrompt>
                <DisplayValue>Yes</DisplayValue>
            </DisplayField>
        </DisplayFields>
    </ApplicationData>
</TenstreetData>


<?xml version="1.0"?>
<TenstreetResponse>
  <Status>REJECTED</Status>
  <Description>Authentication failed. Check to make sure you have an Authentication node in your post and that it is properly filled out with the values you received from Tenstreet.</Description>
</TenstreetResponse>

<?xml version="1.0" encoding="UTF-8" ?>
<TenstreetData>
    <Authentication>
        <ClientId>741</ClientId>
        <Password>5YgH39ZyM!We^6t1wyhe02</Password>
        <Service>subject_upload</Service>
    </Authentication>
    <Source>MorganVanLines</Source>
    <CompanyId>15</CompanyId>
    <Mode>DEV</Mode>
    <PersonalData>
        <PersonName>
            <GivenName>Test Doris</GivenName>
            <FamilyName>Test Kub</FamilyName>
        </PersonName>
        <ContactData>
            <InternetEmailAddress>anthemrepublic.test.redmi9sqhiungxnf@fakedata.email</InternetEmailAddress>
            <PrimaryPhone>3345092614</PrimaryPhone>
        </ContactData>
        <PostalAddress>
        	<PostalCode>50061</PostalCode>
		</PostalAddress>
    </PersonalData>
    <ApplicationData>
        <AppReferrer>ar-web-indeed</AppReferrer>
        <DisplayFields>
            <DisplayField>
                <DisplayPrompt>Cdl A</DisplayPrompt>
                <DisplayValue>Yes</DisplayValue>
            </DisplayField>
            <DisplayField>
                <DisplayPrompt>Moving Violations</DisplayPrompt>
                <DisplayValue>No</DisplayValue>
            </DisplayField>
            <DisplayField>
                <DisplayPrompt>Experience</DisplayPrompt>
                <DisplayValue>No</DisplayValue>
            </DisplayField>
        </DisplayFields>
    </ApplicationData>
</TenstreetData>


<?xml version="1.0"?>
<TenstreetResponse>
  <Status>REJECTED</Status>
  <Description>Authentication failed. Check to make sure you have an Authentication node in your post and that it is properly filled out with the values you received from Tenstreet.</Description>
</TenstreetResponse>

